# JRE version: OpenJDK Runtime Environment Corretto-17.0.10.7.1 (17.0.10+7) (build 17.0.10+7-LTS)
# Java VM: OpenJDK 64-Bit Server VM Corretto-17.0.10.7.1 (17.0.10+7-LTS, mixed mode, sharing, tiered, compressed oops, compressed class ptrs, g1 gc, windows-amd64)
GC Precious Log:
 CPUs: 4 total, 4 available
 Memory: 3955M
 Large Page Support: Disabled
 NUMA Support: Disabled
 Compressed Oops: Enabled (32-bit)
 Heap Region Size: 1M
 Heap Min Capacity: 256M
 Heap Initial Capacity: 256M
 Heap Max Capacity: 512M
 Pre-touch: Disabled
 Parallel Workers: 4
 Concurrent Workers: 1
 Concurrent Refinement Workers: 4
 Periodic GC: Disabled
Heap:
 garbage-first heap   total 262144K, used 180877K [0x00000000e0000000, 0x0000000100000000)
  region size 1024K, 111 young (113664K), 2 survivors (2048K)
 Metaspace       used 69150K, committed 69824K, reserved 393216K
  class space    used 9673K, committed 9984K, reserved 327680K
GC Heap History (20 events):
Event: 10.237 GC heap before
{Heap before GC invocations=2 (full 0):
 garbage-first heap   total 262144K, used 32613K [0x00000000e0000000, 0x0000000100000000)
  region size 1024K, 25 young (25600K), 3 survivors (3072K)
 Metaspace       used 4061K, committed 4224K, reserved 393216K
  class space    used 497K, committed 576K, reserved 327680K
}
Event: 10.243 GC heap after
{Heap after GC invocations=3 (full 0):
 garbage-first heap   total 262144K, used 11510K [0x00000000e0000000, 0x0000000100000000)
  region size 1024K, 1 young (1024K), 1 survivors (1024K)
 Metaspace       used 4061K, committed 4224K, reserved 393216K
  class space    used 497K, committed 576K, reserved 327680K
}
Event: 25.490 GC heap before
{Heap before GC invocations=3 (full 0):
 garbage-first heap   total 262144K, used 130294K [0x00000000e0000000, 0x0000000100000000)
  region size 1024K, 118 young (120832K), 1 survivors (1024K)
 Metaspace       used 21254K, committed 21504K, reserved 393216K
  class space    used 3123K, committed 3264K, reserved 327680K
}
Event: 25.509 GC heap after
{Heap after GC invocations=4 (full 0):
 garbage-first heap   total 262144K, used 23012K [0x00000000e0000000, 0x0000000100000000)
  region size 1024K, 12 young (12288K), 12 survivors (12288K)
 Metaspace       used 21254K, committed 21504K, reserved 393216K
  class space    used 3123K, committed 3264K, reserved 327680K
}
Event: 31.829 GC heap before
{Heap before GC invocations=5 (full 0):
 garbage-first heap   total 262144K, used 139748K [0x00000000e0000000, 0x0000000100000000)
  region size 1024K, 123 young (125952K), 12 survivors (12288K)
 Metaspace       used 35716K, committed 36096K, reserved 393216K
  class space    used 4996K, committed 5184K, reserved 327680K
}
Event: 31.856 GC heap after
{Heap after GC invocations=6 (full 0):
 garbage-first heap   total 262144K, used 31839K [0x00000000e0000000, 0x0000000100000000)
  region size 1024K, 10 young (10240K), 10 survivors (10240K)
 Metaspace       used 35716K, committed 36096K, reserved 393216K
  class space    used 4996K, committed 5184K, reserved 327680K
}
Event: 37.907 GC heap before
{Heap before GC invocations=7 (full 0):
 garbage-first heap   total 262144K, used 180319K [0x00000000e0000000, 0x0000000100000000)
  region size 1024K, 153 young (156672K), 10 survivors (10240K)
 Metaspace       used 46642K, committed 47104K, reserved 393216K
  class space    used 6635K, committed 6848K, reserved 327680K
}
Event: 37.939 GC heap after
{Heap after GC invocations=8 (full 0):
 garbage-first heap   total 262144K, used 41607K [0x00000000e0000000, 0x0000000100000000)
  region size 1024K, 19 young (19456K), 19 survivors (19456K)
 Metaspace       used 46642K, committed 47104K, reserved 393216K
  class space    used 6635K, committed 6848K, reserved 327680K
}
Event: 61.915 GC heap before
{Heap before GC invocations=8 (full 0):
 garbage-first heap   total 262144K, used 177799K [0x00000000e0000000, 0x0000000100000000)
  region size 1024K, 153 young (156672K), 19 survivors (19456K)
 Metaspace       used 52335K, committed 52928K, reserved 393216K
  class space    used 7321K, committed 7616K, reserved 327680K
}
Event: 62.538 GC heap after
{Heap after GC invocations=9 (full 0):
 garbage-first heap   total 262144K, used 51940K [0x00000000e0000000, 0x0000000100000000)
  region size 1024K, 11 young (11264K), 11 survivors (11264K)
 Metaspace       used 52335K, committed 52928K, reserved 393216K
  class space    used 7321K, committed 7616K, reserved 327680K
}
Event: 76.062 GC heap before
{Heap before GC invocations=9 (full 0):
 garbage-first heap   total 262144K, used 100068K [0x00000000e0000000, 0x0000000100000000)
  region size 1024K, 58 young (59392K), 11 survivors (11264K)
 Metaspace       used 55178K, committed 55680K, reserved 393216K
  class space    used 7744K, committed 8000K, reserved 327680K
}
Event: 76.296 GC heap after
{Heap after GC invocations=10 (full 0):
 garbage-first heap   total 262144K, used 57344K [0x00000000e0000000, 0x0000000100000000)
  region size 1024K, 8 young (8192K), 8 survivors (8192K)
 Metaspace       used 55178K, committed 55680K, reserved 393216K
  class space    used 7744K, committed 8000K, reserved 327680K
}
Event: 81.605 GC heap before
{Heap before GC invocations=10 (full 0):
 garbage-first heap   total 262144K, used 69632K [0x00000000e0000000, 0x0000000100000000)
  region size 1024K, 21 young (21504K), 8 survivors (8192K)
 Metaspace       used 60097K, committed 60608K, reserved 393216K
  class space    used 8346K, committed 8576K, reserved 327680K
}
Event: 81.830 GC heap after
{Heap after GC invocations=11 (full 0):
 garbage-first heap   total 262144K, used 59946K [0x00000000e0000000, 0x0000000100000000)
  region size 1024K, 3 young (3072K), 3 survivors (3072K)
 Metaspace       used 60097K, committed 60608K, reserved 393216K
  class space    used 8346K, committed 8576K, reserved 327680K
}
Event: 175.591 GC heap before
{Heap before GC invocations=12 (full 0):
 garbage-first heap   total 262144K, used 198186K [0x00000000e0000000, 0x0000000100000000)
  region size 1024K, 137 young (140288K), 3 survivors (3072K)
 Metaspace       used 65643K, committed 66304K, reserved 393216K
  class space    used 9039K, committed 9344K, reserved 327680K
}
Event: 175.887 GC heap after
{Heap after GC invocations=13 (full 0):
 garbage-first heap   total 262144K, used 68840K [0x00000000e0000000, 0x0000000100000000)
  region size 1024K, 11 young (11264K), 11 survivors (11264K)
 Metaspace       used 65643K, committed 66304K, reserved 393216K
  class space    used 9039K, committed 9344K, reserved 327680K
}
Event: 176.707 GC heap before
{Heap before GC invocations=13 (full 0):
 garbage-first heap   total 262144K, used 74984K [0x00000000e0000000, 0x0000000100000000)
  region size 1024K, 18 young (18432K), 11 survivors (11264K)
 Metaspace       used 65648K, committed 66304K, reserved 393216K
  class space    used 9039K, committed 9344K, reserved 327680K
}
Event: 176.731 GC heap after
{Heap after GC invocations=14 (full 0):
 garbage-first heap   total 262144K, used 68227K [0x00000000e0000000, 0x0000000100000000)
  region size 1024K, 2 young (2048K), 2 survivors (2048K)
 Metaspace       used 65648K, committed 66304K, reserved 393216K
  class space    used 9039K, committed 9344K, reserved 327680K
}
Event: 181.162 GC heap before
{Heap before GC invocations=14 (full 0):
 garbage-first heap   total 262144K, used 209539K [0x00000000e0000000, 0x0000000100000000)
  region size 1024K, 140 young (143360K), 2 survivors (2048K)
 Metaspace       used 65694K, committed 66304K, reserved 393216K
  class space    used 9040K, committed 9344K, reserved 327680K
}
Event: 181.165 GC heap after
{Heap after GC invocations=15 (full 0):
 garbage-first heap   total 262144K, used 68237K [0x00000000e0000000, 0x0000000100000000)
  region size 1024K, 2 young (2048K), 2 survivors (2048K)
 Metaspace       used 65694K, committed 66304K, reserved 393216K
  class space    used 9040K, committed 9344K, reserved 327680K
}

